<?xml version="1.0" encoding="utf-8"?><testsuites name="pytest tests"><testsuite name="pytest" errors="0" failures="0" skipped="0" tests="9" time="0.138" timestamp="2026-05-13T03:41:49.520753+03:00" hostname="LAPTOP-ADMR6VU2"><testcase classname="test.test_route_planner" name="test_route_mission_plan_via_graph_labels_tasks" time="0.024" /><testcase classname="test.test_route_planner" name="test_route_mission_plan_without_graph_orders_tasks_and_keeps_park_last" time="0.001" /><testcase classname="test.test_route_graph" name="test_route_graph_build_and_dijkstra" time="0.001" /><testcase classname="test.test_route_graph" name="test_route_graph_dijkstra_blocked_edge" time="0.001" /><testcase classname="test.test_route_graph" name="test_route_graph_blocked_property_skips_edge" time="0.001" /><testcase classname="test.test_route_graph" name="test_route_graph_speed_limit_changes_cost_preference" time="0.001" /><testcase classname="test.test_route_graph" name="test_route_graph_tunnel_edge_multiplier_prefers_tunnel" time="0.001" /><testcase classname="test.test_route_graph" name="test_dijkstra_mandatory_tunnel_skips_shorter_non_tunnel_path" time="0.001" /><testcase classname="test.test_replanning" name="test_route_remaining_mission_via_graph_uses_current_pos_and_blocked" time="0.002" /></testsuite></testsuites>